0 info it worked if it ends with ok
1 verbose cli [ 'node', '/usr/local/bin/npm', 'update', '-g', 'npm' ]
2 info using npm@1.4.23
3 info using node@v0.10.31
4 verbose request where is /npm
5 verbose request registry https://registry.npmjs.org/
6 verbose request id c756a9dc0833fbbc
7 verbose url raw /npm
8 verbose url resolving [ 'https://registry.npmjs.org/', './npm' ]
9 verbose url resolved https://registry.npmjs.org/npm
10 verbose request where is https://registry.npmjs.org/npm
11 info trying registry request attempt 1 at 17:59:55
12 verbose etag "DLT1NQVWDFB91TQBKP0D11DBZ"
13 http GET https://registry.npmjs.org/npm
14 http 304 https://registry.npmjs.org/npm
15 silly registry.get cb [ 304,
15 silly registry.get   { date: 'Sat, 21 Mar 2015 22:59:55 GMT',
15 silly registry.get     server: 'Apache',
15 silly registry.get     via: '1.1 varnish',
15 silly registry.get     'last-modified': 'Sat, 21 Mar 2015 22:59:55 GMT',
15 silly registry.get     'cache-control': 'max-age=60',
15 silly registry.get     etag: '"DLT1NQVWDFB91TQBKP0D11DBZ"',
15 silly registry.get     age: '0',
15 silly registry.get     'x-served-by': 'cache-atl6232-ATL',
15 silly registry.get     'x-cache': 'HIT',
15 silly registry.get     'x-cache-hits': '1',
15 silly registry.get     'x-timer': 'S1426978795.807801,VS0,VE110',
15 silly registry.get     vary: 'Accept',
15 silly registry.get     'content-length': '0',
15 silly registry.get     'keep-alive': 'timeout=10, max=50',
15 silly registry.get     connection: 'Keep-Alive' } ]
16 verbose etag https://registry.npmjs.org/npm from cache
17 info outdated updating [ [ '/usr/local/lib', 'npm', '1.4.23', '2.7.3', '2.7.3', 'latest' ] ]
18 verbose install where,what [ '/usr/local/lib', [ 'npm@2.7.3' ] ]
19 verbose cache add [ 'npm@2.7.3', null ]
20 verbose cache add name=undefined spec="npm@2.7.3" args=["npm@2.7.3",null]
21 verbose parsed url { protocol: null,
21 verbose parsed url   slashes: null,
21 verbose parsed url   auth: null,
21 verbose parsed url   host: null,
21 verbose parsed url   port: null,
21 verbose parsed url   hostname: null,
21 verbose parsed url   hash: null,
21 verbose parsed url   search: null,
21 verbose parsed url   query: null,
21 verbose parsed url   pathname: 'npm@2.7.3',
21 verbose parsed url   path: 'npm@2.7.3',
21 verbose parsed url   href: 'npm@2.7.3' }
22 verbose cache add name="npm" spec="2.7.3" args=["npm","2.7.3"]
23 verbose parsed url { protocol: null,
23 verbose parsed url   slashes: null,
23 verbose parsed url   auth: null,
23 verbose parsed url   host: null,
23 verbose parsed url   port: null,
23 verbose parsed url   hostname: null,
23 verbose parsed url   hash: null,
23 verbose parsed url   search: null,
23 verbose parsed url   query: null,
23 verbose parsed url   pathname: '2.7.3',
23 verbose parsed url   path: '2.7.3',
23 verbose parsed url   href: '2.7.3' }
24 verbose addNamed [ 'npm', '2.7.3' ]
25 verbose addNamed [ '2.7.3', '2.7.3' ]
26 silly lockFile 4c374208-npm-2-7-3 npm@2.7.3
27 verbose lock npm@2.7.3 /Users/giove/.npm/4c374208-npm-2-7-3.lock
28 verbose registry.get https://registry.npmjs.org/npm not expired, no request
29 silly lockFile 4c374208-npm-2-7-3 npm@2.7.3
30 silly lockFile 4c374208-npm-2-7-3 npm@2.7.3
31 silly resolved [ { version: '2.7.3',
31 silly resolved     name: 'npm',
31 silly resolved     description: 'a package manager for JavaScript',
31 silly resolved     keywords: [ 'package manager', 'modules', 'install', 'package.json' ],
31 silly resolved     preferGlobal: true,
31 silly resolved     config: { publishtest: false },
31 silly resolved     homepage: 'https://docs.npmjs.com/',
31 silly resolved     author:
31 silly resolved      { name: 'Isaac Z. Schlueter',
31 silly resolved        email: 'i@izs.me',
31 silly resolved        url: 'http://blog.izs.me' },
31 silly resolved     repository: { type: 'git', url: 'https://github.com/npm/npm' },
31 silly resolved     bugs:
31 silly resolved      { url: 'http://github.com/npm/npm/issues',
31 silly resolved        email: 'npm-@googlegroups.com' },
31 silly resolved     directories: { doc: './doc', man: './man', lib: './lib', bin: './bin' },
31 silly resolved     main: './lib/npm.js',
31 silly resolved     bin: { npm: './bin/npm-cli.js' },
31 silly resolved     dependencies:
31 silly resolved      { abbrev: '~1.0.5',
31 silly resolved        ansi: '~0.3.0',
31 silly resolved        ansicolors: '~0.3.2',
31 silly resolved        ansistyles: '~0.1.3',
31 silly resolved        archy: '~1.0.0',
31 silly resolved        'async-some': '~1.0.1',
31 silly resolved        'block-stream': '0.0.7',
31 silly resolved        'char-spinner': '~1.0.1',
31 silly resolved        'child-process-close': '~0.1.1',
31 silly resolved        chmodr: '~0.1.0',
31 silly resolved        chownr: '0',
31 silly resolved        'cmd-shim': '~2.0.1',
31 silly resolved        columnify: '~1.4.1',
31 silly resolved        'config-chain': '~1.1.8',
31 silly resolved        dezalgo: '~1.0.1',
31 silly resolved        editor: '~0.1.0',
31 silly resolved        'fs-vacuum': '~1.2.5',
31 silly resolved        'fs-write-stream-atomic': '~1.0.2',
31 silly resolved        fstream: '~1.0.4',
31 silly resolved        'fstream-npm': '~1.0.1',
31 silly resolved        'github-url-from-git': '~1.4.0',
31 silly resolved        'github-url-from-username-repo': '~1.0.2',
31 silly resolved        glob: '~4.4.2',
31 silly resolved        'graceful-fs': '~3.0.6',
31 silly resolved        inflight: '~1.0.4',
31 silly resolved        inherits: '~2.0.1',
31 silly resolved        ini: '~1.3.3',
31 silly resolved        'init-package-json': '~1.3.0',
31 silly resolved        lockfile: '~1.0.0',
31 silly resolved        'lru-cache': '~2.5.0',
31 silly resolved        minimatch: '~2.0.4',
31 silly resolved        mkdirp: '~0.5.0',
31 silly resolved        'node-gyp': '~1.0.3',
31 silly resolved        nopt: '~3.0.1',
31 silly resolved        'normalize-git-url': '~1.0.0',
31 silly resolved        'normalize-package-data': '~1.0.3',
31 silly resolved        'npm-cache-filename': '~1.0.1',
31 silly resolved        'npm-install-checks': '~1.0.5',
31 silly resolved        'npm-package-arg': '~2.1.3',
31 silly resolved        'npm-registry-client': '~6.1.1',
31 silly resolved        'npm-user-validate': '~0.1.1',
31 silly resolved        npmlog: '~0.1.1',
31 silly resolved        once: '~1.3.1',
31 silly resolved        opener: '~1.4.0',
31 silly resolved        osenv: '~0.1.0',
31 silly resolved        'path-is-inside': '~1.0.0',
31 silly resolved        read: '~1.0.4',
31 silly resolved        'read-installed': '~3.1.5',
31 silly resolved        'read-package-json': '~1.3.2',
31 silly resolved        'readable-stream': '~1.0.33',
31 silly resolved        'realize-package-specifier': '~1.3.0',
31 silly resolved        request: '~2.53.0',
31 silly resolved        retry: '~0.6.1',
31 silly resolved        rimraf: '~2.3.2',
31 silly resolved        semver: '~4.3.1',
31 silly resolved        sha: '~1.3.0',
31 silly resolved        slide: '~1.1.6',
31 silly resolved        'sorted-object': '~1.0.0',
31 silly resolved        tar: '~1.0.3',
31 silly resolved        'text-table': '~0.2.0',
31 silly resolved        'uid-number': '0.0.6',
31 silly resolved        umask: '~1.1.0',
31 silly resolved        which: '~1.0.9',
31 silly resolved        wrappy: '~1.0.1',
31 silly resolved        'write-file-atomic': '~1.1.0' },
31 silly resolved     bundleDependencies:
31 silly resolved      [ 'abbrev',
31 silly resolved        'ansi',
31 silly resolved        'ansicolors',
31 silly resolved        'ansistyles',
31 silly resolved        'archy',
31 silly resolved        'async-some',
31 silly resolved        'block-stream',
31 silly resolved        'char-spinner',
31 silly resolved        'child-process-close',
31 silly resolved        'chmodr',
31 silly resolved        'chownr',
31 silly resolved        'cmd-shim',
31 silly resolved        'columnify',
31 silly resolved        'config-chain',
31 silly resolved        'dezalgo',
31 silly resolved        'editor',
31 silly resolved        'fs-vacuum',
31 silly resolved        'fs-write-stream-atomic',
31 silly resolved        'fstream',
31 silly resolved        'fstream-npm',
31 silly resolved        'github-url-from-git',
31 silly resolved        'github-url-from-username-repo',
31 silly resolved        'glob',
31 silly resolved        'graceful-fs',
31 silly resolved        'inflight',
31 silly resolved        'inherits',
31 silly resolved        'ini',
31 silly resolved        'init-package-json',
31 silly resolved        'lockfile',
31 silly resolved        'lru-cache',
31 silly resolved        'minimatch',
31 silly resolved        'mkdirp',
31 silly resolved        'node-gyp',
31 silly resolved        'nopt',
31 silly resolved        'normalize-git-url',
31 silly resolved        'normalize-package-data',
31 silly resolved        'npm-cache-filename',
31 silly resolved        'npm-install-checks',
31 silly resolved        'npm-package-arg',
31 silly resolved        'npm-registry-client',
31 silly resolved        'npm-user-validate',
31 silly resolved        'npmlog',
31 silly resolved        'once',
31 silly resolved        'opener',
31 silly resolved        'osenv',
31 silly resolved        'path-is-inside',
31 silly resolved        'read',
31 silly resolved        'read-installed',
31 silly resolved        'read-package-json',
31 silly resolved        'readable-stream',
31 silly resolved        'realize-package-specifier',
31 silly resolved        'request',
31 silly resolved        'retry',
31 silly resolved        'rimraf',
31 silly resolved        'semver',
31 silly resolved        'sha',
31 silly resolved        'slide',
31 silly resolved        'sorted-object',
31 silly resolved        'tar',
31 silly resolved        'text-table',
31 silly resolved        'uid-number',
31 silly resolved        'umask',
31 silly resolved        'which',
31 silly resolved        'wrappy',
31 silly resolved        'write-file-atomic' ],
31 silly resolved     devDependencies:
31 silly resolved      { marked: '~0.3.3',
31 silly resolved        'marked-man': '~0.1.4',
31 silly resolved        nock: '~1.1.0',
31 silly resolved        'npm-registry-couchapp': '~2.6.2',
31 silly resolved        'npm-registry-mock': '~1.0.0',
31 silly resolved        'require-inject': '~1.1.0',
31 silly resolved        'sprintf-js': '~1.0.2',
31 silly resolved        tap: '~0.7.1' },
31 silly resolved     scripts:
31 silly resolved      { 'test-legacy': 'node ./test/run.js',
31 silly resolved        test: 'tap --timeout 120 test/tap/*.js',
31 silly resolved        tap: 'tap --timeout 120 test/tap/*.js',
31 silly resolved        'test-all': 'node ./test/run.js && tap test/tap/*.js',
31 silly resolved        prepublish: 'node bin/npm-cli.js prune --prefix=. --no-global && rimraf test/*/*/node_modules && make -j8 doc',
31 silly resolved        dumpconf: 'env | grep npm | sort | uniq' },
31 silly resolved     license: 'Artistic-2.0',
31 silly resolved     contributors:
31 silly resolved      [ [Object],
31 silly resolved        [Object],
31 silly resolved        [Object],
31 silly resolved        [Object],
31 silly resolved        [Object],
31 silly resolved        [Object],
31 silly resolved        [Object],
31 silly resolved        [Object],
31 silly resolved        [Object],
31 silly resolved        [Object],
31 silly resolved        [Object],
31 silly resolved        [Object],
31 silly resolved        [Object],
31 silly resolved        [Object],
31 silly resolved        [Object],
31 silly resolved        [Object],
31 silly resolved        [Object],
31 silly resolved        [Object],
31 silly resolved        [Object],
31 silly resolved        [Object],
31 silly resolved        [Object],
31 silly resolved        [Object],
31 silly resolved        [Object],
31 silly resolved        [Object],
31 silly resolved        [Object],
31 silly resolved        [Object],
31 silly resolved        [Object],
31 silly resolved        [Object],
31 silly resolved        [Object],
31 silly resolved        [Object],
31 silly resolved        [Object],
31 silly resolved        [Object],
31 silly resolved        [Object],
31 silly resolved        [Object],
31 silly resolved        [Object],
31 silly resolved        [Object],
31 silly resolved        [Object],
31 silly resolved        [Object],
31 silly resolved        [Object],
31 silly resolved        [Object],
31 silly resolved        [Object],
31 silly resolved        [Object],
31 silly resolved        [Object],
31 silly resolved        [Object],
31 silly resolved        [Object],
31 silly resolved        [Object],
31 silly resolved        [Object],
31 silly resolved        [Object],
31 silly resolved        [Object],
31 silly resolved        [Object],
31 silly resolved        [Object],
31 silly resolved        [Object],
31 silly resolved        [Object],
31 silly resolved        [Object],
31 silly resolved        [Object],
31 silly resolved        [Object],
31 silly resolved        [Object],
31 silly resolved        [Object],
31 silly resolved        [Object],
31 silly resolved        [Object],
31 silly resolved        [Object],
31 silly resolved        [Object],
31 silly resolved        [Object],
31 silly resolved        [Object],
31 silly resolved        [Object],
31 silly resolved        [Object],
31 silly resolved        [Object],
31 silly resolved        [Object],
31 silly resolved        [Object],
31 silly resolved        [Object],
31 silly resolved        [Object],
31 silly resolved        [Object],
31 silly resolved        [Object],
31 silly resolved        [Object],
31 silly resolved        [Object],
31 silly resolved        [Object],
31 silly resolved        [Object],
31 silly resolved        [Object],
31 silly resolved        [Object],
31 silly resolved        [Object],
31 silly resolved        [Object],
31 silly resolved        [Object],
31 silly resolved        [Object],
31 silly resolved        [Object],
31 silly resolved        [Object],
31 silly resolved        [Object],
31 silly resolved        [Object],
31 silly resolved        [Object],
31 silly resolved        [Object],
31 silly resolved        [Object],
31 silly resolved        [Object],
31 silly resolved        [Object],
31 silly resolved        [Object],
31 silly resolved        [Object],
31 silly resolved        [Object],
31 silly resolved        [Object],
31 silly resolved        [Object],
31 silly resolved        [Object],
31 silly resolved        [Object],
31 silly resolved        [Object],
31 silly resolved        [Object],
31 silly resolved        [Object],
31 silly resolved        [Object],
31 silly resolved        [Object],
31 silly resolved        [Object],
31 silly resolved        [Object],
31 silly resolved        [Object],
31 silly resolved        [Object],
31 silly resolved        [Object],
31 silly resolved        [Object],
31 silly resolved        [Object],
31 silly resolved        [Object],
31 silly resolved        [Object],
31 silly resolved        [Object],
31 silly resolved        [Object],
31 silly resolved        [Object],
31 silly resolved        [Object],
31 silly resolved        [Object],
31 silly resolved        [Object],
31 silly resolved        [Object],
31 silly resolved        [Object],
31 silly resolved        [Object],
31 silly resolved        [Object],
31 silly resolved        [Object],
31 silly resolved        [Object],
31 silly resolved        [Object],
31 silly resolved        [Object],
31 silly resolved        [Object],
31 silly resolved        [Object],
31 silly resolved        [Object],
31 silly resolved        [Object],
31 silly resolved        [Object],
31 silly resolved        [Object],
31 silly resolved        [Object],
31 silly resolved        [Object],
31 silly resolved        [Object],
31 silly resolved        [Object],
31 silly resolved        [Object],
31 silly resolved        [Object],
31 silly resolved        [Object],
31 silly resolved        [Object],
31 silly resolved        [Object],
31 silly resolved        [Object],
31 silly resolved        [Object],
31 silly resolved        [Object],
31 silly resolved        [Object],
31 silly resolved        [Object],
31 silly resolved        [Object],
31 silly resolved        [Object],
31 silly resolved        [Object],
31 silly resolved        [Object],
31 silly resolved        [Object],
31 silly resolved        [Object],
31 silly resolved        [Object],
31 silly resolved        [Object],
31 silly resolved        [Object],
31 silly resolved        [Object],
31 silly resolved        [Object],
31 silly resolved        [Object],
31 silly resolved        [Object],
31 silly resolved        [Object],
31 silly resolved        [Object],
31 silly resolved        [Object],
31 silly resolved        [Object],
31 silly resolved        [Object],
31 silly resolved        [Object],
31 silly resolved        [Object],
31 silly resolved        [Object],
31 silly resolved        [Object],
31 silly resolved        [Object],
31 silly resolved        [Object],
31 silly resolved        [Object],
31 silly resolved        [Object],
31 silly resolved        [Object],
31 silly resolved        [Object],
31 silly resolved        [Object],
31 silly resolved        [Object],
31 silly resolved        [Object],
31 silly resolved        [Object],
31 silly resolved        [Object],
31 silly resolved        [Object],
31 silly resolved        [Object],
31 silly resolved        [Object],
31 silly resolved        [Object],
31 silly resolved        [Object],
31 silly resolved        [Object],
31 silly resolved        [Object],
31 silly resolved        [Object],
31 silly resolved        [Object],
31 silly resolved        [Object],
31 silly resolved        [Object],
31 silly resolved        [Object],
31 silly resolved        [Object],
31 silly resolved        [Object],
31 silly resolved        [Object],
31 silly resolved        [Object],
31 silly resolved        [Object],
31 silly resolved        [Object],
31 silly resolved        [Object],
31 silly resolved        [Object],
31 silly resolved        [Object],
31 silly resolved        [Object],
31 silly resolved        [Object],
31 silly resolved        [Object],
31 silly resolved        [Object],
31 silly resolved        [Object],
31 silly resolved        [Object],
31 silly resolved        [Object],
31 silly resolved        [Object],
31 silly resolved        [Object],
31 silly resolved        [Object],
31 silly resolved        [Object],
31 silly resolved        [Object],
31 silly resolved        [Object],
31 silly resolved        [Object],
31 silly resolved        [Object],
31 silly resolved        [Object],
31 silly resolved        [Object],
31 silly resolved        [Object],
31 silly resolved        [Object],
31 silly resolved        [Object],
31 silly resolved        [Object],
31 silly resolved        [Object],
31 silly resolved        [Object],
31 silly resolved        [Object],
31 silly resolved        [Object],
31 silly resolved        [Object],
31 silly resolved        [Object],
31 silly resolved        [Object],
31 silly resolved        [Object],
31 silly resolved        [Object],
31 silly resolved        [Object],
31 silly resolved        [Object],
31 silly resolved        [Object],
31 silly resolved        [Object],
31 silly resolved        [Object],
31 silly resolved        [Object],
31 silly resolved        [Object],
31 silly resolved        [Object],
31 silly resolved        [Object],
31 silly resolved        [Object],
31 silly resolved        [Object],
31 silly resolved        [Object],
31 silly resolved        [Object],
31 silly resolved        [Object],
31 silly resolved        [Object],
31 silly resolved        [Object],
31 silly resolved        [Object],
31 silly resolved        [Object],
31 silly resolved        [Object],
31 silly resolved        [Object],
31 silly resolved        [Object],
31 silly resolved        [Object],
31 silly resolved        [Object],
31 silly resolved        [Object],
31 silly resolved        [Object],
31 silly resolved        [Object],
31 silly resolved        [Object],
31 silly resolved        [Object],
31 silly resolved        [Object],
31 silly resolved        [Object],
31 silly resolved        [Object],
31 silly resolved        [Object],
31 silly resolved        [Object],
31 silly resolved        [Object],
31 silly resolved        [Object] ],
31 silly resolved     man:
31 silly resolved      [ '/Users/ogd/Documents/projects/npm/npm/man/man1/npm-README.1',
31 silly resolved        '/Users/ogd/Documents/projects/npm/npm/man/man1/npm-access.1',
31 silly resolved        '/Users/ogd/Documents/projects/npm/npm/man/man1/npm-adduser.1',
31 silly resolved        '/Users/ogd/Documents/projects/npm/npm/man/man1/npm-bin.1',
31 silly resolved        '/Users/ogd/Documents/projects/npm/npm/man/man1/npm-bugs.1',
31 silly resolved        '/Users/ogd/Documents/projects/npm/npm/man/man1/npm-build.1',
31 silly resolved        '/Users/ogd/Documents/projects/npm/npm/man/man1/npm-bundle.1',
31 silly resolved        '/Users/ogd/Documents/projects/npm/npm/man/man1/npm-cache.1',
31 silly resolved        '/Users/ogd/Documents/projects/npm/npm/man/man1/npm-completion.1',
31 silly resolved        '/Users/ogd/Documents/projects/npm/npm/man/man1/npm-config.1',
31 silly resolved        '/Users/ogd/Documents/projects/npm/npm/man/man1/npm-dedupe.1',
31 silly resolved        '/Users/ogd/Documents/projects/npm/npm/man/man1/npm-deprecate.1',
31 silly resolved        '/Users/ogd/Documents/projects/npm/npm/man/man1/npm-dist-tag.1',
31 silly resolved        '/Users/ogd/Documents/projects/npm/npm/man/man1/npm-docs.1',
31 silly resolved        '/Users/ogd/Documents/projects/npm/npm/man/man1/npm-edit.1',
31 silly resolved        '/Users/ogd/Documents/projects/npm/npm/man/man1/npm-explore.1',
31 silly resolved        '/Users/ogd/Documents/projects/npm/npm/man/man1/npm-help-search.1',
31 silly resolved        '/Users/ogd/Documents/projects/npm/npm/man/man1/npm-help.1',
31 silly resolved        '/Users/ogd/Documents/projects/npm/npm/man/man1/npm-init.1',
31 silly resolved        '/Users/ogd/Documents/projects/npm/npm/man/man1/npm-install.1',
31 silly resolved        '/Users/ogd/Documents/projects/npm/npm/man/man1/npm-link.1',
31 silly resolved        '/Users/ogd/Documents/projects/npm/npm/man/man1/npm-logout.1',
31 silly resolved        '/Users/ogd/Documents/projects/npm/npm/man/man1/npm-ls.1',
31 silly resolved        '/Users/ogd/Documents/projects/npm/npm/man/man1/npm-outdated.1',
31 silly resolved        '/Users/ogd/Documents/projects/npm/npm/man/man1/npm-owner.1',
31 silly resolved        '/Users/ogd/Documents/projects/npm/npm/man/man1/npm-pack.1',
31 silly resolved        '/Users/ogd/Documents/projects/npm/npm/man/man1/npm-prefix.1',
31 silly resolved        '/Users/ogd/Documents/projects/npm/npm/man/man1/npm-prune.1',
31 silly resolved        '/Users/ogd/Documents/projects/npm/npm/man/man1/npm-publish.1',
31 silly resolved        '/Users/ogd/Documents/projects/npm/npm/man/man1/npm-rebuild.1',
31 silly resolved        '/Users/ogd/Documents/projects/npm/npm/man/man1/npm-repo.1',
31 silly resolved        '/Users/ogd/Documents/projects/npm/npm/man/man1/npm-restart.1',
31 silly resolved        '/Users/ogd/Documents/projects/npm/npm/man/man1/npm-rm.1',
31 silly resolved        '/Users/ogd/Documents/projects/npm/npm/man/man1/npm-root.1',
31 silly resolved        '/Users/ogd/Documents/projects/npm/npm/man/man1/npm-run-script.1',
31 silly resolved        '/Users/ogd/Documents/projects/npm/npm/man/man1/npm-search.1',
31 silly resolved        '/Users/ogd/Documents/projects/npm/npm/man/man1/npm-shrinkwrap.1',
31 silly resolved        '/Users/ogd/Documents/projects/npm/npm/man/man1/npm-star.1',
31 silly resolved        '/Users/ogd/Documents/projects/npm/npm/man/man1/npm-stars.1',
31 silly resolved        '/Users/ogd/Documents/projects/npm/npm/man/man1/npm-start.1',
31 silly resolved        '/Users/ogd/Documents/projects/npm/npm/man/man1/npm-stop.1',
31 silly resolved        '/Users/ogd/Documents/projects/npm/npm/man/man1/npm-submodule.1',
31 silly resolved        '/Users/ogd/Documents/projects/npm/npm/man/man1/npm-tag.1',
31 silly resolved        '/Users/ogd/Documents/projects/npm/npm/man/man1/npm-test.1',
31 silly resolved        '/Users/ogd/Documents/projects/npm/npm/man/man1/npm-uninstall.1',
31 silly resolved        '/Users/ogd/Documents/projects/npm/npm/man/man1/npm-unpublish.1',
31 silly resolved        '/Users/ogd/Documents/projects/npm/npm/man/man1/npm-update.1',
31 silly resolved        '/Users/ogd/Documents/projects/npm/npm/man/man1/npm-version.1',
31 silly resolved        '/Users/ogd/Documents/projects/npm/npm/man/man1/npm-view.1',
31 silly resolved        '/Users/ogd/Documents/projects/npm/npm/man/man1/npm-whoami.1',
31 silly resolved        '/Users/ogd/Documents/projects/npm/npm/man/man1/npm.1',
31 silly resolved        '/Users/ogd/Documents/projects/npm/npm/man/man3/npm-bin.3',
31 silly resolved        '/Users/ogd/Documents/projects/npm/npm/man/man3/npm-bugs.3',
31 silly resolved        '/Users/ogd/Documents/projects/npm/npm/man/man3/npm-cache.3',
31 silly resolved        '/Users/ogd/Documents/projects/npm/npm/man/man3/npm-commands.3',
31 silly resolved        '/Users/ogd/Documents/projects/npm/npm/man/man3/npm-config.3',
31 silly resolved        '/Users/ogd/Documents/projects/npm/npm/man/man3/npm-deprecate.3',
31 silly resolved        '/Users/ogd/Documents/projects/npm/npm/man/man3/npm-docs.3',
31 silly resolved        '/Users/ogd/Documents/projects/npm/npm/man/man3/npm-edit.3',
31 silly resolved        '/Users/ogd/Documents/projects/npm/npm/man/man3/npm-explore.3',
31 silly resolved        '/Users/ogd/Documents/projects/npm/npm/man/man3/npm-help-search.3',
31 silly resolved        '/Users/ogd/Documents/projects/npm/npm/man/man3/npm-init.3',
31 silly resolved        '/Users/ogd/Documents/projects/npm/npm/man/man3/npm-install.3',
31 silly resolved        '/Users/ogd/Documents/projects/npm/npm/man/man3/npm-link.3',
31 silly resolved        '/Users/ogd/Documents/projects/npm/npm/man/man3/npm-load.3',
31 silly resolved        '/Users/ogd/Documents/projects/npm/npm/man/man3/npm-ls.3',
31 silly resolved        '/Users/ogd/Documents/projects/npm/npm/man/man3/npm-outdated.3',
31 silly resolved        '/Users/ogd/Documents/projects/npm/npm/man/man3/npm-owner.3',
31 silly resolved        '/Users/ogd/Documents/projects/npm/npm/man/man3/npm-pack.3',
31 silly resolved        '/Users/ogd/Documents/projects/npm/npm/man/man3/npm-prefix.3',
31 silly resolved        '/Users/ogd/Documents/projects/npm/npm/man/man3/npm-prune.3',
31 silly resolved        '/Users/ogd/Documents/projects/npm/npm/man/man3/npm-publish.3',
31 silly resolved        '/Users/ogd/Documents/projects/npm/npm/man/man3/npm-rebuild.3',
31 silly resolved        '/Users/ogd/Documents/projects/npm/npm/man/man3/npm-repo.3',
31 silly resolved        '/Users/ogd/Documents/projects/npm/npm/man/man3/npm-restart.3',
31 silly resolved        '/Users/ogd/Documents/projects/npm/npm/man/man3/npm-root.3',
31 silly resolved        '/Users/ogd/Documents/projects/npm/npm/man/man3/npm-run-script.3',
31 silly resolved        '/Users/ogd/Documents/projects/npm/npm/man/man3/npm-search.3',
31 silly resolved        '/Users/ogd/Documents/projects/npm/npm/man/man3/npm-shrinkwrap.3',
31 silly resolved        '/Users/ogd/Documents/projects/npm/npm/man/man3/npm-start.3',
31 silly resolved        '/Users/ogd/Documents/projects/npm/npm/man/man3/npm-stop.3',
31 silly resolved        '/Users/ogd/Documents/projects/npm/npm/man/man3/npm-submodule.3',
31 silly resolved        '/Users/ogd/Documents/projects/npm/npm/man/man3/npm-tag.3',
31 silly resolved        '/Users/ogd/Documents/projects/npm/npm/man/man3/npm-test.3',
31 silly resolved        '/Users/ogd/Documents/projects/npm/npm/man/man3/npm-uninstall.3',
31 silly resolved        '/Users/ogd/Documents/projects/npm/npm/man/man3/npm-unpublish.3',
31 silly resolved        '/Users/ogd/Documents/projects/npm/npm/man/man3/npm-update.3',
31 silly resolved        '/Users/ogd/Documents/projects/npm/npm/man/man3/npm-version.3',
31 silly resolved        '/Users/ogd/Documents/projects/npm/npm/man/man3/npm-view.3',
31 silly resolved        '/Users/ogd/Documents/projects/npm/npm/man/man3/npm-whoami.3',
31 silly resolved        '/Users/ogd/Documents/projects/npm/npm/man/man3/npm.3',
31 silly resolved        '/Users/ogd/Documents/projects/npm/npm/man/man5/npm-folders.5',
31 silly resolved        '/Users/ogd/Documents/projects/npm/npm/man/man5/npm-global.5',
31 silly resolved        '/Users/ogd/Documents/projects/npm/npm/man/man5/npm-json.5',
31 silly resolved        '/Users/ogd/Documents/projects/npm/npm/man/man5/npmrc.5',
31 silly resolved        '/Users/ogd/Documents/projects/npm/npm/man/man5/package.json.5',
31 silly resolved        '/Users/ogd/Documents/projects/npm/npm/man/man7/npm-coding-style.7',
31 silly resolved        '/Users/ogd/Documents/projects/npm/npm/man/man7/npm-config.7',
31 silly resolved        '/Users/ogd/Documents/projects/npm/npm/man/man7/npm-developers.7',
31 silly resolved        '/Users/ogd/Documents/projects/npm/npm/man/man7/npm-disputes.7',
31 silly resolved        '/Users/ogd/Documents/projects/npm/npm/man/man7/npm-faq.7',
31 silly resolved        '/Users/ogd/Documents/projects/npm/npm/man/man7/npm-index.7',
31 silly resolved        '/Users/ogd/Documents/projects/npm/npm/man/man7/npm-registry.7',
31 silly resolved        '/Users/ogd/Documents/projects/npm/npm/man/man7/npm-scope.7',
31 silly resolved        '/Users/ogd/Documents/projects/npm/npm/man/man7/npm-scripts.7',
31 silly resolved        '/Users/ogd/Documents/projects/npm/npm/man/man7/removing-npm.7',
31 silly resolved        '/Users/ogd/Documents/projects/npm/npm/man/man7/semver.7' ],
31 silly resolved     gitHead: '11e1f69f600657f37b5817f36b7388051d75803b',
31 silly resolved     _id: 'npm@2.7.3',
31 silly resolved     _shasum: '3ec0e9fca98716c32ec22332f03e570b27574af8',
31 silly resolved     _from: 'npm@2.7.3',
31 silly resolved     _npmVersion: '2.7.3',
31 silly resolved     _nodeVersion: '1.5.1',
31 silly resolved     _npmUser: { name: 'othiym23', email: 'ogd@aoaioxxysz.net' },
31 silly resolved     maintainers: [ [Object], [Object] ],
31 silly resolved     dist:
31 silly resolved      { shasum: '3ec0e9fca98716c32ec22332f03e570b27574af8',
31 silly resolved        tarball: 'http://registry.npmjs.org/npm/-/npm-2.7.3.tgz' },
31 silly resolved     _resolved: 'https://registry.npmjs.org/npm/-/npm-2.7.3.tgz',
31 silly resolved     readme: 'ERROR: No README data found!' } ]
32 info install npm@2.7.3 into /usr/local/lib
33 info installOne npm@2.7.3
34 verbose lib/node_modules/npm unbuild
35 info preuninstall npm@1.4.23
36 info uninstall npm@1.4.23
37 verbose true,/usr/local/lib/node_modules,/usr/local/lib/node_modules unbuild npm@1.4.23
38 verbose /usr/local/bin,[object Object] binRoot
39 info postuninstall npm@1.4.23
40 verbose lib/node_modules/npm unbuild
41 info preuninstall npm@1.4.23
42 info uninstall npm@1.4.23
43 verbose true,/usr/local/lib/node_modules,/usr/local/lib/node_modules unbuild npm@1.4.23
44 verbose /usr/local/bin,[object Object] binRoot
45 info postuninstall npm@1.4.23
46 error error rolling back Error: EACCES, unlink '/usr/local/lib/node_modules/npm'
46 error error rolling back  npm@2.7.3 { [Error: EACCES, unlink '/usr/local/lib/node_modules/npm']
46 error error rolling back   errno: 3,
46 error error rolling back   code: 'EACCES',
46 error error rolling back   path: '/usr/local/lib/node_modules/npm' }
47 error Error: EACCES, unlink '/usr/local/lib/node_modules/npm'
47 error  { [Error: EACCES, unlink '/usr/local/lib/node_modules/npm']
47 error   errno: 3,
47 error   code: 'EACCES',
47 error   path: '/usr/local/lib/node_modules/npm' }
48 error Please try running this command again as root/Administrator.
49 error System Darwin 14.1.0
50 error command "node" "/usr/local/bin/npm" "update" "-g" "npm"
51 error cwd /Users/giove/node_modules/bootstrap
52 error node -v v0.10.31
53 error npm -v 1.4.23
54 error path /usr/local/lib/node_modules/npm
55 error code EACCES
56 error errno 3
57 error stack Error: EACCES, unlink '/usr/local/lib/node_modules/npm'
58 verbose exit [ 3, true ]
